Arguments: 
  /home/adil/.nvm/versions/node/v16.14.2/bin/node /usr/bin/yarn init

PATH: 
  /home/adil/.wasmtime/bin:/home/adil/.wasmer/bin:/home/adil/.pyenv/shims:/home/adil/.pyenv/bin:/home/adil/.nvm/versions/node/v16.14.2/bin:/home/adil/.poetry/bin:/home/adil/.cargo/bin:/usr/local/sbin:/usr/local/bin:/usr/bin:/usr/lib/jvm/default/bin:/usr/bin/site_perl:/usr/bin/vendor_perl:/usr/bin/core_perl:/home/adil/.yarn/bin:/home/adil/Development/crypto/trueblocks-core/bin:/home/adil/go/bin:/home/adil/.wasmer/globals/wapm_packages/.bin:/home/adil/.foundry/bin

Yarn version: 
  1.22.10

Node version: 
  16.14.2

Platform: 
  linux x64

Trace: 
  Error: canceled
      at Interface.<anonymous> (/usr/lib/node_modules/yarn/lib/cli.js:137009:13)
      at Interface.emit (node:events:526:28)
      at Interface._ttyWrite (node:readline:1081:16)
      at ReadStream.onkeypress (node:readline:288:10)
      at ReadStream.emit (node:events:526:28)
      at emitKeys (node:internal/readline/utils:358:14)
      at emitKeys.next (<anonymous>)
      at ReadStream.onData (node:internal/readline/emitKeypressEvents:61:36)
      at ReadStream.emit (node:events:526:28)
      at addChunk (node:internal/streams/readable:315:12)

npm manifest: 
  No manifest

yarn manifest: 
  No manifest

Lockfile: 
  No lockfile
